<?xml version="1.0" encoding="UTF-8" ?>
<testsuite tests="18" failures="0" name="Runner.TestRunner" time="263.35" errors="0" skipped="0">
  <properties>
[...]
</properties>
  <testcase classname="user should be able to register to the system" name="user register with your data" time="12.97"/>
  <testcase classname="user can add product compare list" name="user add  two differnet product to compare list from Electronic category" time="15.878"/>
  <testcase classname="user can add product to wishlist #1" name="user add  product to Cart list from Digital category" time="14.438"/>
  <testcase classname="user can add product to wishlist #1" name="user add  product to Cart list from Electronics category" time="15.228"/>
  <testcase classname="user can add product to wishlist #2" name="user add  product to wishlist from jewelry category" time="13.965"/>
  <testcase classname="user can add product to wishlist #2" name="user add  product to wishlist from Book category" time="14.227"/>
  <testcase classname="user can filter product with color" name="user filter product with color Red" time="12.262"/>
  <testcase classname="user can filter product with color" name="user filter product with color Grey" time="11.399"/>
  <testcase classname="user can order any product" name="user make successfully order" time="43.876"/>
  <testcase classname="user can reset the password" name="user reset password using email" time="7.582"/>
  <testcase classname="user should search for any product" name="user search for any product" time="10.393"/>
  <testcase classname="user can selected different tag" name="user select tag game then display item" time="18.687"/>
  <testcase classname="user can selected different tag" name="user select computer tag" time="19.609"/>
  <testcase classname="user select random category" name="user select any category" time="11.062"/>
  <testcase classname="user select random category" name="user select any category and sub category" time="11.671"/>
  <testcase classname="user can switch between currencies US-Euro" name="user can switch between us dollar --&gt; Euro" time="12.08"/>
  <testcase classname="user can switch between currencies US-Euro" name="user can switch between Euro --&gt; dollar" time="10.397"/>
  <testcase classname="user should be able to login to the system" name="user login with valid username and password" time="7.626"/>
</testsuite>